<?xml version="1.0" encoding="UTF-8" ?>
<testsuite tests="5" failures="0" name="bddfiap.RunCucumberTest" time="48.612" errors="0" skipped="0">
  <properties>
[...]
</properties>
  <testcase classname="Venda de produtos para Loja" name="Cliente quer verificar disponibilidade de um produto" time="10.049"/>
  <testcase classname="Venda de produtos para Loja" name="Cliente quer verificar disponibilidade de um produto" time="9.762"/>
  <testcase classname="Venda de produtos para Loja" name="Cliente quer verificar disponibilidade de um produto" time="9.655"/>
  <testcase classname="Venda de produtos para Loja" name="Cliente quer verificar disponibilidade de um produto" time="9.371"/>
  <testcase classname="Venda de produtos para Loja" name="Cliente quer verificar disponibilidade de um produto" time="9.775"/>
</testsuite>